C:\Program Files\Microsoft Visual Studio\2022\Community\MSBuild\Microsoft\VC\v170\Microsoft.CppBuild.targets(531,5): warning MSB8028: промежуточный каталог (x64\Debug\) содержит файлы, которые используются совместно с другим проектом (lab1.vcxproj, lab2.vcxproj, lab5.vcxproj).  Это может привести к ошибкам очистки и перестроения.
  ShaderLoader.cpp
  lab6.cpp
  Создание кода...
     Создается библиотека C:\Users\maram\OneDrive\Рабочий стол\lab6 - копия\x64\Debug\lab6.lib и объект C:\Users\maram\OneDrive\Рабочий стол\lab6 - копия\x64\Debug\lab6.exp
LINK : warning LNK4217: Символ "glewInit", определенный в "glew.obj", импортирован "lab6.obj" в функции "main".
LINK : warning LNK4217: Символ "__glewBindBuffer", определенный в "glew.obj", импортирован "lab6.obj" в функции ""private: void __cdecl Mesh::setupMesh(void)" (?setupMesh@Mesh@@AEAAXXZ)".
LINK : warning LNK4217: Символ "__glewBufferData", определенный в "glew.obj", импортирован "lab6.obj" в функции ""private: void __cdecl Mesh::setupMesh(void)" (?setupMesh@Mesh@@AEAAXXZ)".
LINK : warning LNK4217: Символ "__glewGenBuffers", определенный в "glew.obj", импортирован "lab6.obj" в функции ""private: void __cdecl Mesh::setupMesh(void)" (?setupMesh@Mesh@@AEAAXXZ)".
LINK : warning LNK4217: Символ "__glewEnableVertexAttribArray", определенный в "glew.obj", импортирован "lab6.obj" в функции ""private: void __cdecl Mesh::setupMesh(void)" (?setupMesh@Mesh@@AEAAXXZ)".
LINK : warning LNK4217: Символ "__glewGetUniformLocation", определенный в "glew.obj", импортирован "lab6.obj" в функции ""void __cdecl settingMat4(unsigned int,class std::basic_string<char,struct std::char_traits<char>,class std::allocator<char> > const &,struct glm::mat<4,4,float,0> const &)" (?settingMat4@@YAXIAEBV?$basic_string@DU?$char_traits@D@std@@V?$allocator@D@2@@std@@AEBU?$mat@$03$03M$0A@@glm@@@Z)".
LINK : warning LNK4286: Символ "__glewGetUniformLocation", определенный в "glew.obj", импортирован "ShaderLoader.obj".
LINK : warning LNK4217: Символ "__glewUniformMatrix4fv", определенный в "glew.obj", импортирован "lab6.obj" в функции ""void __cdecl settingMat4(unsigned int,class std::basic_string<char,struct std::char_traits<char>,class std::allocator<char> > const &,struct glm::mat<4,4,float,0> const &)" (?settingMat4@@YAXIAEBV?$basic_string@DU?$char_traits@D@std@@V?$allocator@D@2@@std@@AEBU?$mat@$03$03M$0A@@glm@@@Z)".
LINK : warning LNK4286: Символ "__glewUniformMatrix4fv", определенный в "glew.obj", импортирован "ShaderLoader.obj".
LINK : warning LNK4217: Символ "__glewUseProgram", определенный в "glew.obj", импортирован "lab6.obj" в функции ""public: void __cdecl Mesh::Draw(unsigned int)" (?Draw@Mesh@@QEAAXI@Z)".
LINK : warning LNK4286: Символ "__glewUseProgram", определенный в "glew.obj", импортирован "ShaderLoader.obj".
LINK : warning LNK4217: Символ "__glewVertexAttribPointer", определенный в "glew.obj", импортирован "lab6.obj" в функции ""private: void __cdecl Mesh::setupMesh(void)" (?setupMesh@Mesh@@AEAAXXZ)".
LINK : warning LNK4217: Символ "__glewBindVertexArray", определенный в "glew.obj", импортирован "lab6.obj" в функции ""public: void __cdecl Mesh::Draw(unsigned int)" (?Draw@Mesh@@QEAAXI@Z)".
LINK : warning LNK4217: Символ "__glewGenVertexArrays", определенный в "glew.obj", импортирован "lab6.obj" в функции ""private: void __cdecl Mesh::setupMesh(void)" (?setupMesh@Mesh@@AEAAXXZ)".
LINK : warning LNK4217: Символ "__glewAttachShader", определенный в "glew.obj", импортирован "ShaderLoader.obj" в функции ""public: static unsigned int __cdecl ShaderLoader::LoadShader(char const *,char const *,char const *)" (?LoadShader@ShaderLoader@@SAIPEBD00@Z)".
LINK : warning LNK4217: Символ "__glewCompileShader", определенный в "glew.obj", импортирован "ShaderLoader.obj" в функции ""private: static unsigned int __cdecl ShaderLoader::CompileShader(char const *,unsigned int)" (?CompileShader@ShaderLoader@@CAIPEBDI@Z)".
LINK : warning LNK4217: Символ "__glewCreateProgram", определенный в "glew.obj", импортирован "ShaderLoader.obj" в функции ""public: static unsigned int __cdecl ShaderLoader::LoadShader(char const *,char const *,char const *)" (?LoadShader@ShaderLoader@@SAIPEBD00@Z)".
LINK : warning LNK4217: Символ "__glewCreateShader", определенный в "glew.obj", импортирован "ShaderLoader.obj" в функции ""private: static unsigned int __cdecl ShaderLoader::CompileShader(char const *,unsigned int)" (?CompileShader@ShaderLoader@@CAIPEBDI@Z)".
LINK : warning LNK4217: Символ "__glewDeleteShader", определенный в "glew.obj", импортирован "ShaderLoader.obj" в функции ""public: static unsigned int __cdecl ShaderLoader::LoadShader(char const *,char const *,char const *)" (?LoadShader@ShaderLoader@@SAIPEBD00@Z)".
LINK : warning LNK4217: Символ "__glewGetProgramInfoLog", определенный в "glew.obj", импортирован "ShaderLoader.obj" в функции ""private: static void __cdecl ShaderLoader::CheckCompileErrors(unsigned int,class std::basic_string<char,struct std::char_traits<char>,class std::allocator<char> > const &)" (?CheckCompileErrors@ShaderLoader@@CAXIAEBV?$basic_string@DU?$char_traits@D@std@@V?$allocator@D@2@@std@@@Z)".
LINK : warning LNK4217: Символ "__glewGetProgramiv", определенный в "glew.obj", импортирован "ShaderLoader.obj" в функции ""private: static void __cdecl ShaderLoader::CheckCompileErrors(unsigned int,class std::basic_string<char,struct std::char_traits<char>,class std::allocator<char> > const &)" (?CheckCompileErrors@ShaderLoader@@CAXIAEBV?$basic_string@DU?$char_traits@D@std@@V?$allocator@D@2@@std@@@Z)".
LINK : warning LNK4217: Символ "__glewGetShaderInfoLog", определенный в "glew.obj", импортирован "ShaderLoader.obj" в функции ""private: static void __cdecl ShaderLoader::CheckCompileErrors(unsigned int,class std::basic_string<char,struct std::char_traits<char>,class std::allocator<char> > const &)" (?CheckCompileErrors@ShaderLoader@@CAXIAEBV?$basic_string@DU?$char_traits@D@std@@V?$allocator@D@2@@std@@@Z)".
LINK : warning LNK4217: Символ "__glewGetShaderiv", определенный в "glew.obj", импортирован "ShaderLoader.obj" в функции ""private: static void __cdecl ShaderLoader::CheckCompileErrors(unsigned int,class std::basic_string<char,struct std::char_traits<char>,class std::allocator<char> > const &)" (?CheckCompileErrors@ShaderLoader@@CAXIAEBV?$basic_string@DU?$char_traits@D@std@@V?$allocator@D@2@@std@@@Z)".
LINK : warning LNK4217: Символ "__glewLinkProgram", определенный в "glew.obj", импортирован "ShaderLoader.obj" в функции ""public: static unsigned int __cdecl ShaderLoader::LoadShader(char const *,char const *,char const *)" (?LoadShader@ShaderLoader@@SAIPEBD00@Z)".
LINK : warning LNK4217: Символ "__glewShaderSource", определенный в "glew.obj", импортирован "ShaderLoader.obj" в функции ""private: static unsigned int __cdecl ShaderLoader::CompileShader(char const *,unsigned int)" (?CompileShader@ShaderLoader@@CAIPEBDI@Z)".
LINK : warning LNK4217: Символ "__glewUniform1f", определенный в "glew.obj", импортирован "ShaderLoader.obj" в функции ""public: static void __cdecl ShaderLoader::SetUniform(unsigned int,class std::basic_string<char,struct std::char_traits<char>,class std::allocator<char> > const &,float)" (?SetUniform@ShaderLoader@@SAXIAEBV?$basic_string@DU?$char_traits@D@std@@V?$allocator@D@2@@std@@M@Z)".
LINK : warning LNK4217: Символ "__glewUniform1i", определенный в "glew.obj", импортирован "ShaderLoader.obj" в функции ""public: static void __cdecl ShaderLoader::SetUniform(unsigned int,class std::basic_string<char,struct std::char_traits<char>,class std::allocator<char> > const &,int)" (?SetUniform@ShaderLoader@@SAXIAEBV?$basic_string@DU?$char_traits@D@std@@V?$allocator@D@2@@std@@H@Z)".
LINK : warning LNK4217: Символ "__glewUniform2f", определенный в "glew.obj", импортирован "ShaderLoader.obj" в функции ""public: static void __cdecl ShaderLoader::SetUniform(unsigned int,class std::basic_string<char,struct std::char_traits<char>,class std::allocator<char> > const &,float,float)" (?SetUniform@ShaderLoader@@SAXIAEBV?$basic_string@DU?$char_traits@D@std@@V?$allocator@D@2@@std@@MM@Z)".
LINK : warning LNK4217: Символ "__glewUniform2fv", определенный в "glew.obj", импортирован "ShaderLoader.obj" в функции ""public: static void __cdecl ShaderLoader::SetUniform(unsigned int,class std::basic_string<char,struct std::char_traits<char>,class std::allocator<char> > const &,struct glm::vec<2,float,0> const &)" (?SetUniform@ShaderLoader@@SAXIAEBV?$basic_string@DU?$char_traits@D@std@@V?$allocator@D@2@@std@@AEBU?$vec@$01M$0A@@glm@@@Z)".
LINK : warning LNK4217: Символ "__glewUniform2i", определенный в "glew.obj", импортирован "ShaderLoader.obj" в функции ""public: static void __cdecl ShaderLoader::SetUniform(unsigned int,class std::basic_string<char,struct std::char_traits<char>,class std::allocator<char> > const &,int,int)" (?SetUniform@ShaderLoader@@SAXIAEBV?$basic_string@DU?$char_traits@D@std@@V?$allocator@D@2@@std@@HH@Z)".
LINK : warning LNK4217: Символ "__glewUniform3f", определенный в "glew.obj", импортирован "ShaderLoader.obj" в функции ""public: static void __cdecl ShaderLoader::SetUniform(unsigned int,class std::basic_string<char,struct std::char_traits<char>,class std::allocator<char> > const &,float,float,float)" (?SetUniform@ShaderLoader@@SAXIAEBV?$basic_string@DU?$char_traits@D@std@@V?$allocator@D@2@@std@@MMM@Z)".
LINK : warning LNK4217: Символ "__glewUniform3fv", определенный в "glew.obj", импортирован "ShaderLoader.obj" в функции ""public: static void __cdecl ShaderLoader::SetUniform(unsigned int,class std::basic_string<char,struct std::char_traits<char>,class std::allocator<char> > const &,struct glm::vec<3,float,0> const &)" (?SetUniform@ShaderLoader@@SAXIAEBV?$basic_string@DU?$char_traits@D@std@@V?$allocator@D@2@@std@@AEBU?$vec@$02M$0A@@glm@@@Z)".
LINK : warning LNK4217: Символ "__glewUniform3i", определенный в "glew.obj", импортирован "ShaderLoader.obj" в функции ""public: static void __cdecl ShaderLoader::SetUniform(unsigned int,class std::basic_string<char,struct std::char_traits<char>,class std::allocator<char> > const &,int,int,int)" (?SetUniform@ShaderLoader@@SAXIAEBV?$basic_string@DU?$char_traits@D@std@@V?$allocator@D@2@@std@@HHH@Z)".
LINK : warning LNK4217: Символ "__glewUniform4f", определенный в "glew.obj", импортирован "ShaderLoader.obj" в функции ""public: static void __cdecl ShaderLoader::SetUniform(unsigned int,class std::basic_string<char,struct std::char_traits<char>,class std::allocator<char> > const &,float,float,float,float)" (?SetUniform@ShaderLoader@@SAXIAEBV?$basic_string@DU?$char_traits@D@std@@V?$allocator@D@2@@std@@MMMM@Z)".
LINK : warning LNK4217: Символ "__glewUniform4fv", определенный в "glew.obj", импортирован "ShaderLoader.obj" в функции ""public: static void __cdecl ShaderLoader::SetUniform(unsigned int,class std::basic_string<char,struct std::char_traits<char>,class std::allocator<char> > const &,struct glm::vec<4,float,0> const &)" (?SetUniform@ShaderLoader@@SAXIAEBV?$basic_string@DU?$char_traits@D@std@@V?$allocator@D@2@@std@@AEBU?$vec@$03M$0A@@glm@@@Z)".
LINK : warning LNK4217: Символ "__glewUniformMatrix3fv", определенный в "glew.obj", импортирован "ShaderLoader.obj" в функции ""public: static void __cdecl ShaderLoader::SetUniformMatrix3(unsigned int,class std::basic_string<char,struct std::char_traits<char>,class std::allocator<char> > const &,struct glm::mat<3,3,float,0> const &)" (?SetUniformMatrix3@ShaderLoader@@SAXIAEBV?$basic_string@DU?$char_traits@D@std@@V?$allocator@D@2@@std@@AEBU?$mat@$02$02M$0A@@glm@@@Z)".
  lab1.vcxproj -> C:\Users\maram\OneDrive\Рабочий стол\lab6 — копия\x64\Debug\lab6.exe
